1753387461587	geckodriver	INFO	Listening on 127.0.0.1:56818
1753387461607	mozrunner::runner	INFO	Running command: MOZ_CRASHREPORTER="1" MOZ_CRASHREPORTER_NO_REPORT="1" MOZ_CRASHREPORTER_SHUTDOWN="1" "/Applications/Firefox. ... s" "localhost" "-foreground" "-no-remote" "-profile" "/var/folders/8k/yvq1ptxd19d9l22gcvsnsbg80000gn/T/rust_mozprofile3YsjOo"
console.warn: services.settings: Ignoring preference override of remote settings server
console.warn: services.settings: Allow by setting MOZ_REMOTE_SETTINGS_DEVTOOLS=1 in the environment
1753387462235	Marionette	INFO	Marionette enabled
1753387462585	Marionette	INFO	Listening on port 56826
Read port: 56826
WebDriver BiDi listening on ws://127.0.0.1:56819
1753387462855	RemoteAgent	WARN	TLS certificate errors will be ignored for this session
console.warn: LoginRecipes: "Falling back to a synchronous message for: https://automationplayground.com."
console.warn: LoginRecipes: "Falling back to a synchronous message for: https://automationplayground.com."
1753387497611	Marionette	INFO	Stopped listening on port 56826
console.error: "Failed to fetch https://ads.mozilla.org/v1/delete_user:" "NetworkError when attempting to fetch resource."
console.warn: TopSitesFeed: Failed to fetch data from MARS server: NetworkError when attempting to fetch resource.
console.error: services.settings: 
Object
  - prototype Object
    - columnNumber = 0
    - data = null
    - filename = resource://gre/modules/ServiceRequest.sys.mjs
    - lineNumber = 126
    - location = {"name":"open","filename":"resource://gre/modules/ServiceRequest.sys.mjs","sourceId":25,"lineNumber":126,"columnNumber":11,"asyncCause":null,"asyncCaller":null,"caller":{"filename":"resource://services-settings/Utils.sys.mjs","name":"fetch/<","sourceId":24,"lineNumber":268,"columnNumber":15,"asyncCause":null,"asyncCaller":null,"caller":{"filename":"resource://services-settings/Utils.sys.mjs","name":"fetch","sourceId":24,"lineNumber":219,"columnNumber":12,"asyncCause":null,"asyncCaller":null,"caller":{"filename":"resource://services-settings/RemoteSettingsClient.sys.mjs","name":"validateCollectionSignature","sourceId":22,"lineNumber":1036,"columnNumber":47,"asyncCause":null,"asyncCaller":null,"caller":{"filename":"resource://services-settings/RemoteSettingsClient.sys.mjs","name":"maybeSync","sourceId":22,"lineNumber":751,"columnNumber":26,"asyncCause":null,"asyncCaller":null,"caller":null,"formattedStack":"maybeSync@resource://services-settings/RemoteSettingsClient.sys.mjs:751:26\n","nativeSavedFrame":{}},"formattedStack":"validateCollectionSignature@resource://services-settings/RemoteSettingsClient.sys.mjs:1036:47\nmaybeSync@resource://services-settings/RemoteSettingsClient.sys.mjs:751:26\n","nativeSavedFrame":{}},"formattedStack":"fetch@resource://services-settings/Utils.sys.mjs:219:12\nvalidateCollectionSignature@resource://services-settings/RemoteSettingsClient.sys.mjs:1036:47\nmaybeSync@resource://services-settings/RemoteSettingsClient.sys.mjs:751:26\n","nativeSavedFrame":{}},"formattedStack":"fetch/<@resource://services-settings/Utils.sys.mjs:268:15\nfetch@resource://services-settings/Utils.sys.mjs:219:12\nvalidateCollectionSignature@resource://services-settings/RemoteSettingsClient.sys.mjs:1036:47\nmaybeSync@resource://services-settings/RemoteSettingsClient.sys.mjs:751:26\n","nativeSavedFrame":{}},"formattedStack":"open@resource://gre/modules/ServiceRequest.sys.mjs:126:11\nfetch/<@resource://services-settings/Utils.sys.mjs:268:15\nfetch@resource://services-settings/Utils.sys.mjs:219:12\nvalidateCollectionSignature@resource://services-settings/RemoteSettingsClient.sys.mjs:1036:47\nmaybeSync@resource://services-settings/RemoteSettingsClient.sys.mjs:751:26\n","nativeSavedFrame":{}}
    - message = 
    - name = 
    - result = 2152071198
    - stack = open@resource://gre/modules/ServiceRequest.sys.mjs:126:11|fetch/<@resource://services-settings/Utils.sys.mjs:268:15|fetch@resource://services-settings/Utils.sys.mjs:219:12|validateCollectionSignature@resource://services-settings/RemoteSettingsClient.sys.mjs:1036:47|maybeSync@resource://services-settings/RemoteSettingsClient.sys.mjs:751:26|
  - prototype Object
console.warn: services.settings: main/query-stripping sync interrupted by shutdown
console.warn: services.settings: main/addons-manager-settings sync interrupted by shutdown
console.warn: services.settings: main/fxmonitor-breaches sync interrupted by shutdown
console.warn: services.settings: main/password-recipes sync interrupted by shutdown
console.warn: services.settings: main/language-dictionaries sync interrupted by shutdown
console.warn: services.settings: main/devtools-devices sync interrupted by shutdown
console.warn: services.settings: main/doh-providers sync interrupted by shutdown
console.warn: services.settings: main/hijack-blocklists sync interrupted by shutdown
console.error: (new AbortError("IndexedDB: main/pioneer-content-v1 getLastModified() IndexedDB:  execute() A request was aborted, for example through a call to IDBTransaction.abort.", "resource://services-settings/IDBHelpers.sys.mjs", 16))
